==========================================
SLURM_JOB_ID = 16531972
SLURM_JOB_NODELIST = d23-16
TMPDIR = /tmp/SLURM_16531972
==========================================
LIFETIME_16.6_SEPARATION_500_RSTALL_0.9_LSTALL_0.0_RC_0.0_LC_0.9_stalldist_1_STEPS_200_velocitymultiplier_0.33_Tad_1000
Traceback (most recent call last):
  File "/home1/rahmanin/.conda/envs/openwpoly/lib/python3.7/site-packages/pyximport/pyximport.py", line 216, in load_module
    mod = imp.load_dynamic(name, so_path)
  File "/home1/rahmanin/.conda/envs/openwpoly/lib/python3.7/imp.py", line 342, in load_dynamic
    return _load(spec)
ImportError: dynamic module does not define module export function (PyInit_LEF_Dynamics)

During handling of the above exception, another exception occurred:

Traceback (most recent call last):
  File "/home1/rahmanin/start/polychrom/projects/pds5/draft-extrusion/Loop_extrusion_velocity/simulations/sim_for_random.py", line 35, in <module>
    from LEF_Dynamics import LEFTranslocatorDirectional
  File "/home1/rahmanin/.conda/envs/openwpoly/lib/python3.7/site-packages/pyximport/pyximport.py", line 462, in load_module
    language_level=self.language_level)
  File "/home1/rahmanin/.conda/envs/openwpoly/lib/python3.7/site-packages/pyximport/pyximport.py", line 231, in load_module
    raise exc.with_traceback(tb)
  File "/home1/rahmanin/.conda/envs/openwpoly/lib/python3.7/site-packages/pyximport/pyximport.py", line 216, in load_module
    mod = imp.load_dynamic(name, so_path)
  File "/home1/rahmanin/.conda/envs/openwpoly/lib/python3.7/imp.py", line 342, in load_dynamic
    return _load(spec)
ImportError: Building module LEF_Dynamics failed: ['ImportError: dynamic module does not define module export function (PyInit_LEF_Dynamics)\n']
cp: cannot stat ‘/scratch1/rahmanin/tmp.Tacoekg7Uy/LIFETIME_16.6_SEPARATION_500_RSTALL_0.9_LSTALL_0.0_RC_0.0_LC_0.9_stalldist_1_STEPS_200_velocitymultiplier_0.33_Tad_1000’: No such file or directory
